2018-07-12 14:26:23 [scrapy.utils.log] INFO: Scrapy 1.5.0 started (bot: userSpider)
2018-07-12 14:26:23 [scrapy.utils.log] INFO: Versions: lxml 4.2.3.0, libxml2 2.9.8, cssselect 1.0.3, parsel 1.5.0, w3lib 1.19.0, Twisted 18.4.0, Python 3.6.5 (default, Apr 25 2018, 14:23:58) - [GCC 4.2.1 Compatible Apple LLVM 9.1.0 (clang-902.0.39.1)], pyOpenSSL 18.0.0 (OpenSSL 1.1.0h  27 Mar 2018), cryptography 2.2.2, Platform Darwin-17.6.0-x86_64-i386-64bit
2018-07-12 14:26:23 [scrapy.crawler] INFO: Overridden settings: {'BOT_NAME': 'userSpider', 'CONCURRENT_REQUESTS': 5, 'LOG_FILE': 'user.log', 'NEWSPIDER_MODULE': 'userSpider.spiders', 'ROBOTSTXT_OBEY': True, 'SPIDER_MODULES': ['userSpider.spiders']}
2018-07-12 14:26:23 [scrapy.middleware] INFO: Enabled extensions:
['scrapy.extensions.corestats.CoreStats',
 'scrapy.extensions.telnet.TelnetConsole',
 'scrapy.extensions.memusage.MemoryUsage',
 'scrapy.extensions.logstats.LogStats']
2018-07-12 14:26:23 [scrapy.middleware] INFO: Enabled downloader middlewares:
['scrapy.downloadermiddlewares.robotstxt.RobotsTxtMiddleware',
 'scrapy.downloadermiddlewares.httpauth.HttpAuthMiddleware',
 'scrapy.downloadermiddlewares.downloadtimeout.DownloadTimeoutMiddleware',
 'scrapy.downloadermiddlewares.defaultheaders.DefaultHeadersMiddleware',
 'scrapy.downloadermiddlewares.useragent.UserAgentMiddleware',
 'scrapy.downloadermiddlewares.retry.RetryMiddleware',
 'scrapy.downloadermiddlewares.redirect.MetaRefreshMiddleware',
 'scrapy.downloadermiddlewares.httpcompression.HttpCompressionMiddleware',
 'scrapy.downloadermiddlewares.redirect.RedirectMiddleware',
 'scrapy.downloadermiddlewares.cookies.CookiesMiddleware',
 'scrapy.downloadermiddlewares.httpproxy.HttpProxyMiddleware',
 'scrapy.downloadermiddlewares.stats.DownloaderStats']
2018-07-12 14:26:23 [scrapy.middleware] INFO: Enabled spider middlewares:
['scrapy.spidermiddlewares.httperror.HttpErrorMiddleware',
 'scrapy.spidermiddlewares.offsite.OffsiteMiddleware',
 'scrapy.spidermiddlewares.referer.RefererMiddleware',
 'scrapy.spidermiddlewares.urllength.UrlLengthMiddleware',
 'scrapy.spidermiddlewares.depth.DepthMiddleware']
2018-07-12 14:26:23 [scrapy.middleware] INFO: Enabled item pipelines:
['userSpider.pipelines.UserspiderPipeline']
2018-07-12 14:26:23 [scrapy.core.engine] INFO: Spider opened
2018-07-12 14:26:23 [scrapy.extensions.logstats] INFO: Crawled 0 pages (at 0 pages/min), scraped 0 items (at 0 items/min)
2018-07-12 14:26:23 [scrapy.extensions.telnet] DEBUG: Telnet console listening on 127.0.0.1:6023
2018-07-12 14:26:24 [scrapy.core.engine] DEBUG: Crawled (403) <GET https://www.douban.com/robots.txt> (referer: None)
2018-07-12 14:26:24 [scrapy.downloadermiddlewares.redirect] DEBUG: Redirecting (301) to <GET https://www.douban.com/people/yimaxxduck/> from <GET https://www.douban.com/people/yimaxxduck>
2018-07-12 14:26:24 [scrapy.downloadermiddlewares.redirect] DEBUG: Redirecting (301) to <GET https://www.douban.com/people/tsaochen/> from <GET https://www.douban.com/people/tsaochen>
2018-07-12 14:26:24 [scrapy.downloadermiddlewares.redirect] DEBUG: Redirecting (301) to <GET https://www.douban.com/people/163279372/> from <GET https://www.douban.com/people/163279372>
2018-07-12 14:26:24 [scrapy.downloadermiddlewares.redirect] DEBUG: Redirecting (301) to <GET https://www.douban.com/people/arkdome/> from <GET https://www.douban.com/people/arkdome>
2018-07-12 14:26:24 [scrapy.downloadermiddlewares.redirect] DEBUG: Redirecting (301) to <GET https://www.douban.com/people/blacktea077/> from <GET https://www.douban.com/people/blacktea077>
2018-07-12 14:26:24 [scrapy.core.engine] DEBUG: Crawled (200) <GET https://www.douban.com/people/arkdome/> (referer: None)
2018-07-12 14:26:24 [scrapy.core.engine] DEBUG: Crawled (200) <GET https://www.douban.com/people/tsaochen/> (referer: None)
2018-07-12 14:26:24 [scrapy.downloadermiddlewares.redirect] DEBUG: Redirecting (301) to <GET https://www.douban.com/people/timbernord/> from <GET https://www.douban.com/people/timbernord>
2018-07-12 14:26:24 [scrapy.downloadermiddlewares.redirect] DEBUG: Redirecting (301) to <GET https://www.douban.com/people/sungdebbie/> from <GET https://www.douban.com/people/sungdebbie>
2018-07-12 14:26:25 [scrapy.core.scraper] DEBUG: Scraped from <200 https://www.douban.com/people/arkdome/>
{'books_red': 'にゃんたま',
 'books_wanted': 'Statistical Mechanics;Modern Quantum Mechanics (Revised '
                 'Edition)  现代量子力学;Introduction to Quantum Mechanics',
 'check_in_time': '2016-04-21',
 'dou_list': '我的收藏 (1);ლ(=ↀωↀ=)ლ (2)',
 'follow_by': '175248276 dabenji doubanread',
 'groups': '养猫-豆瓣小事;(101471);我们都爱大蛋;(390);豆瓣爱阅读;(7956)',
 'location': '北京',
 'movies_wanted': '捕鸟记;醉生梦死之湾仔之虎  醉生梦死之湾仔之虎 / The Tragic Fantasy - Tiger Of '
                  'Wanchai',
 'movies_watched': '猫是要抱着的  猫是要抱着的 / 拥抱猫咪;大猫  大猫 / 大虫;尖东双虎  尖东双虎 / Jian dong '
                   'shuang hu;为什么猫都叫不来  为什么猫都叫不来 / 猫咪去哪儿(港);尽管如此 也要活下去  尽管如此 '
                   '也要活下去 / 勇敢活下去',
 'signature': '酒仙桥之虎',
 'user_id': 'arkdome',
 'user_intro': '愚蠢的人类\nhttp://dadan.cat',
 'user_nickname': '大蛋'}
2018-07-12 14:26:25 [scrapy.core.scraper] DEBUG: Scraped from <200 https://www.douban.com/people/tsaochen/>
{'check_in_time': '2012-06-28',
 'dou_list': '2016 (9);2015 (42);【健身日记】 Work Out !! (27);>我爱我家< (4)',
 'follow_by': 'waggawagga yemamayemama',
 'groups': '装逼指南;(378670);我总觉得自己就是一个傻逼;(1259677);魔兽世界;(66612);我们什么都聊;(362104);我们身边的极品;(378787);爱猫俱乐部;(341476);形象八卦～搭配减肥+v:...;(641280);我们什么都知道……一...;(660196)',
 'location': '上海',
 'movies_wanted': '疯狂的麦克斯4：狂暴之路  疯狂的麦克斯4：狂暴之路 / 末日先锋：战甲飞车(港);一代宗师  一代宗师 / '
                  '一代宗师3D;指环王2：双塔奇兵  指环王2：双塔奇兵 / 魔戒二部曲：双城奇谋;搏击俱乐部  搏击俱乐部 / '
                  '搏击会(港);少年派的奇幻漂流  少年派的奇幻漂流 / 少年Pi的奇幻漂流',
 'movies_watched': '生活多美好  生活多美好 / 风云人物;洞  洞 / 地洞;茶馆  The Teahouse;背靠背，脸对脸  '
                   '背对背，脸对脸;切腹  剖腹',
 'signature': 'Adios, Clinkz.',
 'user_id': 'tsaochen',
 'user_intro': '【不开豆油】\n'
               '微博：藻前\n'
               '分享一些自用小东西：\n'
               'zenjo.taobao.com\n'
               "j'ai toujours rêvé d'être un gangster.",
 'user_nickname': '种大白菜的'}
2018-07-12 14:26:25 [scrapy.core.engine] DEBUG: Crawled (200) <GET https://www.douban.com/people/yimaxxduck/> (referer: None)
2018-07-12 14:26:25 [scrapy.core.engine] DEBUG: Crawled (200) <GET https://www.douban.com/people/blacktea077/> (referer: None)
2018-07-12 14:26:25 [scrapy.core.scraper] DEBUG: Scraped from <200 https://www.douban.com/people/yimaxxduck/>
{'books_red': '为什么你该花更多的钱，买更少的衣服？;来自地球的一个餐桌：潘潘猫的幸福家宴;生活比我的话更刻薄;柴犬绅士  MENSWEAR '
              'DOG PRESENTS THE NEW CLASSICS: Fresh Look for the Modern '
              'Man;黑猫侦探 2：极寒之国  Blacksad : Arctic-Nation',
 'books_wanted': '陪孩子读最美古诗词;纯洁心灵;人猿星球  La Planète des singes;黑猫侦探 1：阴影之间  '
                 'Blacksad : Quelque part entre les ombres;年轻，就是这么任性',
 'check_in_time': '2009-12-01',
 'dou_list': '蟑螂 (328);【图记】 (366);谋杀启事 (72);你好我是少女 (674)',
 'follow_by': '157684146 croath wendan sophiechou ycflame angelia7e7 loyoyo_O '
              'arkdome',
 'groups': '豆瓣鹅组;(600996);生活组;(181806);鹅们栖息地;(49235);豆瓣市集┃入组优惠券...;(18723);Anti-Parents '
           '父母皆祸害;(121444);康熙来了;(167100);景涛咆哮组！！！！！...;(464680);大姨妈(女性生理问题研...;(359710)',
 'location': '上海',
 'movies_wanted': '神医喜来乐  Magic Doctor Xi Lai Le;铁齿铜牙纪晓岚  铁齿铜牙纪晓岚 '
                  '第一部;铁齿铜牙纪晓岚2  铁齿铜牙纪晓岚 第二部;铁齿铜牙纪晓岚3  铁齿铜牙纪晓岚 第三部;铁齿铜牙纪晓岚4  '
                  'The Bronze Teeth IV',
 'movies_watched': '狗十三  狗13;大开眼戒  大开眼戒 / 紧闭双眼;白夜追凶  白夜追凶 第一季;最长一枪  The '
                   'Longest Shot;宝贝老板  宝贝老板 / 娃娃老板',
 'signature': '微信公众号：姨妈的鸭，能掐会嘎',
 'user_id': 'yimaxxduck',
 'user_intro': '点击关注↑这里   留言说掐一下   我就会【嘎~】的(|||▽||| )\n'
               '但是也不一定，最近我被掐的很痛\n'
               '我不仅不主动 而且还爱无力~~~··\n'
               'ps我废话超多负能量比废话都多，特别糟糕的一个人\n'
               '只逼逼时尚写手 /种拔草农业大户 /负能量鸭汤段子手\n'
               '微信公众号：姨妈的鸭\n'
               '微博：姨妈的鸭-\n'
               '时尚类稿件合作事宜请微信公众号后台或者微博找我，豆油是漂流瓶。\n'
               '小组事宜请豆油。不负责入组。请不要在我广播下面说小组的事情，会拉黑谢谢。。我自己小号15年12月申请的入组没有进去，我也委屈。\n'
               '查无此店特辑：\n'
               'https://douc.cc/1Y3HHX\n'
               '有钱无聊的时候点击\n'
               'http://www.douban.com/doulist/1808112/\n'
               '穿搭豆列\n'
               'https://www.douban.com/doulist/43707003/\n'
               '合作事宜请微信微博找我【说的像是能接到30块以上的活似的】',
 'user_nickname': '姨妈的鸭'}
2018-07-12 14:26:25 [scrapy.core.scraper] DEBUG: Scraped from <200 https://www.douban.com/people/blacktea077/>
{'books_red': '婚姻的意义  The Meaning of Marriage: Facing the Complexities of '
              'Commitment with the Wisdom of God;简单统计学  Standard '
              'Deviations:Flawed Assumptions,Tortured Data,and Other Ways to '
              "Lie with Statistics;一心居;我的天才女友  L'amica geniale;In the "
              'Beginning',
 'books_wanted': '永不结束的故事  说不完的故事;尼尔斯骑鹅历险记  Nils Holgerssons underbara resa '
                 'genom Sverige;我们一无所有  The Tsar of Love and '
                 'Techno;没道理的爱情;当人类决战机器人：海伯利安  Hyperion',
 'check_in_time': '2010-05-21',
 'dou_list': '今日的风有些喧嚣 (7);用过的壁纸 (17);我就是你们机智的小伙伴（指） (76);扣肉与小葡萄 (106)',
 'follow_by': 'bixiongzz putengfei lv_zhensheng xiaojiong GreyCadinal 57444808 '
              '65315359 93732702',
 'groups': '豆瓣鹅组;(600996);我们都爱曾良君;(2160);灵异豆瓣;(301798);我总觉得自己就是一个傻逼;(1259677);【A.S.C】卜卦占星推广组;(6529);占星与玛法达星座运势;(345785);这里没有节操可言（权...;(69392);我们身边的极品;(378787)',
 'movies_wanted': '超感猎杀 第二季  超感猎杀 / 超感八人组;超感猎杀 第一季  超感猎杀 / 超感八人组;超感猎杀：完结特别篇  '
                  '超感猎杀：完结特别篇 / 超感八人组;我不是药神  中国药神;请以你的名字呼唤我  请以你的名字呼唤我 / '
                  '以你的名字呼唤我(港/台)',
 'movies_watched': '聊斋变异  Strange Reports;诡媚海妖 第一季  诡媚海妖 / 海妖;摩天楼  摩天楼 / '
                   '火海108(港);麦克白夫人  麦克白夫人 / 马克白夫人的诱惑(港);眩：北斋之女  眩：北斋之女 / '
                   'Kurara: Hokusai no Musume',
 'signature': 'Real life or just Fanta sea',
 'user_id': 'blacktea077',
 'user_intro': '船长，是我，我是大副啊！\n性格别扭\n自己不行，还总是瞧不起别人\n我的淘宝店铺：王尔德的口条\n卖一些德国代购小物',
 'user_nickname': '曾良君'}
2018-07-12 14:26:25 [scrapy.core.engine] DEBUG: Crawled (200) <GET https://www.douban.com/people/163279372/> (referer: None)
2018-07-12 14:26:25 [scrapy.core.scraper] DEBUG: Scraped from <200 https://www.douban.com/people/163279372/>
{'check_in_time': '2017-07-03',
 'dou_list': '我的收藏 (0)',
 'location': '北京',
 'user_id': '163279372',
 'user_intro': '心如工画师 能画诸世间',
 'user_nickname': 'pushu2322'}
2018-07-12 14:26:25 [scrapy.core.engine] DEBUG: Crawled (200) <GET https://www.douban.com/people/timbernord/> (referer: None)
2018-07-12 14:26:25 [scrapy.core.scraper] DEBUG: Scraped from <200 https://www.douban.com/people/timbernord/>
{'books_red': 'A History of Western Philosophy;Learned Hand;Traffic  '
              '《开车经济学：为什么我们这样开车》;Toronto;God Is Not Great',
 'books_wanted': 'Being Mortal;Going Solo;恶俗  BAD or the Dumbing of '
                 'America;The Rule of Law;Making Social Science Matter',
 'check_in_time': '2010-11-07',
 'dou_list': 'TimberNord的日记 (22);toronto (3);MOI (9)',
 'follow_by': 'versprechen mooie songlet iceblade NullPointer gelassenheit '
              '179784284 sunqc',
 'groups': '抑郁症自救;(6774);分析哲学与英美哲学;(6213);多伦多：你好，秋裤;(6208);杭州豆瓣;(150879);安省(Ontario)豆瓣;(4153);心理社;(271563);买书如山倒 '
           '读书如抽丝;(371305);Coursera Learning Pla...;(21961)',
 'location': 'Toronto, Canada',
 'movies_wanted': '上班女郎  上班女郎 / 打工女郎;艾玛  艾玛 / 芳心爱漫游;无为大师 第一季  无为大师 / '
                  '不才专家;惊涛飓浪  惊涛飓浪 / 漂流;遗传厄运  遗传厄运 / 宿怨(台)',
 'movies_watched': '抱歉打扰;咱们裸熊 第一季  咱们裸熊 / 熊熊遇见你(台);饮食男女  饮食男女 / Eat Drink Man '
                   'Woman;麦克法兰  麦克法兰 / 梦想越野队(台);第一归正会  第一归正会 / 重组教堂',
 'signature': 'the ultimate chinaman',
 'user_id': 'timbernord',
 'user_intro': '❀\n'
               'field of study: architecture + urban study \n'
               'while chronically being poor somehow has turned me into a '
               'comedy writer.\n'
               "I don't like where this story goes.\n"
               'I am expecting a plot twist.',
 'user_nickname': 'TimberNord'}
2018-07-12 14:26:25 [scrapy.core.engine] DEBUG: Crawled (200) <GET https://www.douban.com/people/sungdebbie/> (referer: None)
2018-07-12 14:26:25 [scrapy.core.scraper] DEBUG: Scraped from <200 https://www.douban.com/people/sungdebbie/>
{'books_red': 'Atlas Shrugged  Atlas Shrugged;艺术：让人成为人  The Art of Being Human',
 'books_wanted': '魔灯;朱熹的历史世界;原则  Principles: Life and Work;格调;穷人的银行家  Banker '
                 'To The Poor：Micro-Lending and the Battle Against World '
                 'Poverty',
 'check_in_time': '2007-05-29',
 'follow_by': 'bin12345 zzpaper JoGreen ajunecat onehundredye travelbao '
              '55467859 58063744',
 'groups': '豆瓣鹅组;(600996);我会奇特但没鸟用的技能;(10243);南京先锋书店;(14949);Make a '
           'wish许愿基金会;(9);⑩周年庆 ❤ '
           '我要去香港;(288059);广州租房团;(110053);爱大理;(69612);一起去旅行;(724609);【求勾搭】豆瓣最靠谱...;(869188);我们什么都知道……一...;(660196);每月干一件没干过的事;(189);黑孩子杂志;(572);同学月刊;(68);路在脚下穷游列国;(15182)',
 'location': '湖南益阳',
 'movies_wanted': '踏血寻梅  踏血寻梅 / Port of Call;一只土拨鼠能啃掉多少  一只土拨鼠能啃掉多少;龙虎风云  龙虎风云 '
                  '/ City on Fire;超感猎杀：完结特别篇  超感猎杀：完结特别篇 / 超感八人组;纯洁心灵·逐梦演艺圈  '
                  '青春闪闪·逐梦表演系',
 'movies_watched': "J's Journey A.B.C-Z 不花一毛纵断澳大利亚之旅  J's Journey A.B.C-Z "
                   '不花一毛纵断澳大利亚之旅;科利奥兰纳斯  科利奥兰纳斯 / 英国国家剧院现场：科里奥兰纳斯;超新约全书  超新约全书 '
                   '/ 死期大公开(台);人生一串;赛马娘 Pretty Derby  赛马娘 Pretty Derby / 赛马娘',
 'signature': '我在大理做客栈。',
 'user_id': 'sungdebbie',
 'user_intro': '老瓣儿。\n'
               '大理榕庐酒店二当家，地址：大理古城崇圣寺三塔隔壁三文笔村大榕树旁。\n'
               'http://wx.miot.cn/i-60913?from=timeline&innid=60913\n'
               '爱旅行，爱写字，爱阅读，爱电影，爱音乐，爱服装，爱公益。\n'
               '精力有限，无法一一回关注，但是一定会真诚回应和交流。\n'
               '脑电路极短。\n'
               '乐器控。跑鞋控。比基尼控。彩虹控。喜欢彩虹和所有彩虹色的东西。\n'
               '特别珍惜自己。不想被黑暗吞没，所以用尽全力去热爱一切美好事物。\n'
               '较真。\n'
               '迷恋早逝的天才。\n'
               '非常讨厌小清新。\n'
               '曾经是个＂不食人间烟火＂的人，奇文供欣赏：\n'
               'http://www.douban.com/note/78185732/\n'
               '喜欢《萌芽》的人请看：\n'
               'http://www.douban.com/note/165994904/\n'
               '知道并且喜欢南京先锋书店的人请看：\n'
               'http://www.douban.com/note/47264346/\n'
               '爱三毛的人请看：\n'
               'http://book.douban.com/review/4488951/\n'
               '爱子尤的人请看：\n'
               'http://www.douban.com/note/48380254/\n'
               '新疆相册，拍得一般，但风景很美，可以看看：\n'
               'http://www.douban.com/photos/album/35225410/\n'
               '旅行不是济世良药，它只是一片阿司匹林：\n'
               'http://www.douban.com/note/262479071/\n'
               '读万卷书，行万里路，XXXX?\n'
               '2015年来到大理，跟朋友们一起开客栈。17年因为有了娃儿，暂回广州。\n'
               '业余想继续学习音乐，求技能交换，我给你讲故事。\n'
               '三十岁想参加国际马拉松。(已提前参加腾冲山地半程两小时55分，女子组300多人132名。)\n'
               '爱文艺，更爱生活。\n'
               '活在世上，无非是想尽可能丰富深刻地感受这世界。人生就应该，美好地，浪费掉。\n'
               '———————————————————————\n'
               '转载请打招呼，有事请加微信：sungdebbie',
 'user_nickname': '我爱阳光'}
2018-07-12 14:26:25 [scrapy.core.engine] INFO: Closing spider (finished)
2018-07-12 14:26:25 [scrapy.statscollectors] INFO: Dumping Scrapy stats:
{'downloader/request_bytes': 4576,
 'downloader/request_count': 15,
 'downloader/request_method_count/GET': 15,
 'downloader/response_bytes': 115892,
 'downloader/response_count': 15,
 'downloader/response_status_count/200': 7,
 'downloader/response_status_count/301': 7,
 'downloader/response_status_count/403': 1,
 'finish_reason': 'finished',
 'finish_time': datetime.datetime(2018, 7, 12, 6, 26, 25, 818824),
 'item_scraped_count': 7,
 'log_count/DEBUG': 23,
 'log_count/INFO': 7,
 'memusage/max': 62562304,
 'memusage/startup': 62562304,
 'response_received_count': 8,
 'scheduler/dequeued': 14,
 'scheduler/dequeued/memory': 14,
 'scheduler/enqueued': 14,
 'scheduler/enqueued/memory': 14,
 'start_time': datetime.datetime(2018, 7, 12, 6, 26, 23, 842610)}
2018-07-12 14:26:25 [scrapy.core.engine] INFO: Spider closed (finished)
2018-07-12 14:26:38 [scrapy.utils.log] INFO: Scrapy 1.5.0 started (bot: userSpider)
2018-07-12 14:26:38 [scrapy.utils.log] INFO: Versions: lxml 4.2.3.0, libxml2 2.9.8, cssselect 1.0.3, parsel 1.5.0, w3lib 1.19.0, Twisted 18.4.0, Python 3.6.5 (default, Apr 25 2018, 14:23:58) - [GCC 4.2.1 Compatible Apple LLVM 9.1.0 (clang-902.0.39.1)], pyOpenSSL 18.0.0 (OpenSSL 1.1.0h  27 Mar 2018), cryptography 2.2.2, Platform Darwin-17.6.0-x86_64-i386-64bit
2018-07-12 14:26:38 [scrapy.crawler] INFO: Overridden settings: {'BOT_NAME': 'userSpider', 'CONCURRENT_REQUESTS': 5, 'LOG_FILE': 'user.log', 'NEWSPIDER_MODULE': 'userSpider.spiders', 'ROBOTSTXT_OBEY': True, 'SPIDER_MODULES': ['userSpider.spiders']}
2018-07-12 14:26:38 [scrapy.middleware] INFO: Enabled extensions:
['scrapy.extensions.corestats.CoreStats',
 'scrapy.extensions.telnet.TelnetConsole',
 'scrapy.extensions.memusage.MemoryUsage',
 'scrapy.extensions.logstats.LogStats']
2018-07-12 14:26:38 [scrapy.middleware] INFO: Enabled downloader middlewares:
['scrapy.downloadermiddlewares.robotstxt.RobotsTxtMiddleware',
 'scrapy.downloadermiddlewares.httpauth.HttpAuthMiddleware',
 'scrapy.downloadermiddlewares.downloadtimeout.DownloadTimeoutMiddleware',
 'scrapy.downloadermiddlewares.defaultheaders.DefaultHeadersMiddleware',
 'scrapy.downloadermiddlewares.useragent.UserAgentMiddleware',
 'scrapy.downloadermiddlewares.retry.RetryMiddleware',
 'scrapy.downloadermiddlewares.redirect.MetaRefreshMiddleware',
 'scrapy.downloadermiddlewares.httpcompression.HttpCompressionMiddleware',
 'scrapy.downloadermiddlewares.redirect.RedirectMiddleware',
 'scrapy.downloadermiddlewares.cookies.CookiesMiddleware',
 'scrapy.downloadermiddlewares.httpproxy.HttpProxyMiddleware',
 'scrapy.downloadermiddlewares.stats.DownloaderStats']
2018-07-12 14:26:38 [scrapy.middleware] INFO: Enabled spider middlewares:
['scrapy.spidermiddlewares.httperror.HttpErrorMiddleware',
 'scrapy.spidermiddlewares.offsite.OffsiteMiddleware',
 'scrapy.spidermiddlewares.referer.RefererMiddleware',
 'scrapy.spidermiddlewares.urllength.UrlLengthMiddleware',
 'scrapy.spidermiddlewares.depth.DepthMiddleware']
2018-07-12 14:26:38 [scrapy.middleware] INFO: Enabled item pipelines:
['userSpider.pipelines.UserspiderPipeline']
2018-07-12 14:26:38 [scrapy.core.engine] INFO: Spider opened
2018-07-12 14:26:38 [scrapy.extensions.logstats] INFO: Crawled 0 pages (at 0 pages/min), scraped 0 items (at 0 items/min)
2018-07-12 14:26:38 [scrapy.extensions.telnet] DEBUG: Telnet console listening on 127.0.0.1:6023
2018-07-12 14:26:39 [scrapy.core.engine] DEBUG: Crawled (403) <GET https://www.douban.com/robots.txt> (referer: None)
2018-07-12 14:26:39 [scrapy.downloadermiddlewares.redirect] DEBUG: Redirecting (301) to <GET https://www.douban.com/people/onehundredye/> from <GET https://www.douban.com/people/onehundredye>
2018-07-12 14:26:39 [scrapy.downloadermiddlewares.redirect] DEBUG: Redirecting (302) to <GET https://www.douban.com/accounts/login?redir=https%3A//www.douban.com/people/onehundredye/> from <GET https://www.douban.com/people/onehundredye/>
2018-07-12 14:26:39 [scrapy.core.engine] DEBUG: Crawled (200) <GET https://www.douban.com/accounts/login?redir=https%3A//www.douban.com/people/onehundredye/> (referer: None)
2018-07-12 14:26:39 [scrapy.downloadermiddlewares.redirect] DEBUG: Redirecting (301) to <GET https://www.douban.com/people/58063744/> from <GET https://www.douban.com/people/58063744>
2018-07-12 14:26:39 [scrapy.downloadermiddlewares.redirect] DEBUG: Redirecting (301) to <GET https://www.douban.com/people/bin12345/> from <GET https://www.douban.com/people/bin12345>
2018-07-12 14:26:39 [scrapy.downloadermiddlewares.redirect] DEBUG: Redirecting (301) to <GET https://www.douban.com/people/ajunecat/> from <GET https://www.douban.com/people/ajunecat>
2018-07-12 14:26:39 [scrapy.downloadermiddlewares.redirect] DEBUG: Redirecting (301) to <GET https://www.douban.com/people/travelbao/> from <GET https://www.douban.com/people/travelbao>
2018-07-12 14:26:39 [scrapy.downloadermiddlewares.redirect] DEBUG: Redirecting (301) to <GET https://www.douban.com/people/55467859/> from <GET https://www.douban.com/people/55467859>
2018-07-12 14:26:39 [scrapy.core.scraper] ERROR: Spider error processing <GET https://www.douban.com/accounts/login?redir=https%3A//www.douban.com/people/onehundredye/> (referer: None)
Traceback (most recent call last):
  File "/Users/fanyu/Desktop/douban-users/venv/lib/python3.6/site-packages/twisted/internet/defer.py", line 653, in _runCallbacks
    current.result = callback(current.result, *args, **kw)
  File "/Users/fanyu/Desktop/douban-users/userSpider/userSpider/spiders/douban_user_spider.py", line 36, in parse
    userLoader.add_xpath('user_id','//div[@class="basic-info"]//div[@class="user-info"]//div[@class="pl"]//text()')
  File "/Users/fanyu/Desktop/douban-users/venv/lib/python3.6/site-packages/scrapy/loader/__init__.py", line 167, in add_xpath
    self.add_value(field_name, values, *processors, **kw)
  File "/Users/fanyu/Desktop/douban-users/venv/lib/python3.6/site-packages/scrapy/loader/__init__.py", line 77, in add_value
    self._add_value(field_name, value)
  File "/Users/fanyu/Desktop/douban-users/venv/lib/python3.6/site-packages/scrapy/loader/__init__.py", line 91, in _add_value
    processed_value = self._process_input_value(field_name, value)
  File "/Users/fanyu/Desktop/douban-users/venv/lib/python3.6/site-packages/scrapy/loader/__init__.py", line 150, in _process_input_value
    return proc(value)
  File "/Users/fanyu/Desktop/douban-users/venv/lib/python3.6/site-packages/scrapy/loader/processors.py", line 49, in __call__
    value = func(value)
  File "/Users/fanyu/Desktop/douban-users/userSpider/userSpider/loaders.py", line 29, in <lambda>
    user_id_in = Compose(lambda v: v[0], str.strip)
IndexError: list index out of range
2018-07-12 14:26:39 [scrapy.core.engine] DEBUG: Crawled (200) <GET https://www.douban.com/people/58063744/> (referer: None)
2018-07-12 14:26:39 [scrapy.downloadermiddlewares.redirect] DEBUG: Redirecting (301) to <GET https://www.douban.com/people/JoGreen/> from <GET https://www.douban.com/people/JoGreen>
2018-07-12 14:26:39 [scrapy.core.engine] DEBUG: Crawled (200) <GET https://www.douban.com/people/ajunecat/> (referer: None)
2018-07-12 14:26:39 [scrapy.core.engine] DEBUG: Crawled (200) <GET https://www.douban.com/people/55467859/> (referer: None)
2018-07-12 14:26:39 [scrapy.core.scraper] DEBUG: Scraped from <200 https://www.douban.com/people/58063744/>
{'books_red': '冬牧场;导演小津安二郎  監督 小津安二郎;佞宋词痕;船子和尚拔棹歌;记忆的性别  The Gender of '
              "Memory：Rural Women and China's Collective Past",
 'books_wanted': '人间采蜜记;苦竹杂记;房思琪的初恋乐园;陆小曼：诗·文·画;红楼梦  周汝昌汇校本红楼梦（上、下）:中国四大名著',
 'check_in_time': '2012-01-27',
 'dou_list': '我的收藏 (907);文房 (21);赵字小楷洛神 (3);録書 (4);习小楷 (43)',
 'follow_by': '2120152 kidhu 87697624 86911697 4915924 155124618 ji-an '
              'maylove531',
 'groups': '广州越秀租房（个人房...;(76052);广州白云租房（个人房...;(32042);豆瓣鹅组;(600996);画画;(145596);香港八所公立大学研究...;(1072);广州租房交友（原毕业...;(43879);掀起你的内幕来;(678961);读中文系的人;(24397)',
 'location': '广东广州',
 'movies_wanted': '我不是药神  中国药神;密阳  密阳 / 秘阳;蜘蛛与郁金香  蜘蛛与郁金香 / Spider and '
                  'Tulip;我的大叔  我的大叔 / My Mister;三和人才市场  中国日结1500日元的年轻人们  '
                  '三和人才市场  中国日结1500日元的年轻人们 / 三和青春残酷物语～深圳零工族实录～',
 'movies_watched': '光棍儿  Single Man;盲兽  盲兽 / 盲獸;不能结婚的男人  不能结婚的男人 / 熟男不结婚;东京暮色  '
                   '东京暮色 / Tôkyô boshoku;Sainkho',
 'signature': '朽木不可雕。',
 'user_id': '58063744',
 'user_intro': '重度缺爱患者。',
 'user_nickname': '志喜'}
2018-07-12 14:26:40 [scrapy.core.scraper] DEBUG: Scraped from <200 https://www.douban.com/people/ajunecat/>
{'books_red': '如何爱孩子;我的世界甜点全书',
 'books_wanted': '人间旧事;积存时间的生活;把你交给时间;當呼吸化為空氣  When Breath Becomes Air;人类简史  A '
                 'brief history of humankind',
 'check_in_time': '2008-05-24',
 'dou_list': '心头好 (21);為新生 (17);畫畫資料 (2);Home in the future (41)',
 'follow_by': '1481276 echizenlover xiaomi2 26156911 Veronicamiao rinxw '
              'bettywzhp candybox0608',
 'groups': '台灣自由行;(115247);育儿-豆瓣小事;(7113);Instagram;(230508);台灣 ♡  Touch '
           'Your...;(51970);Avant Garden;(183);爱狗俱乐部;(158238);Flamenco '
           'Fever;(364);Blog 癖;(3924)',
 'location': '四川成都',
 'movies_wanted': '你的孩子不是你的孩子  On Children;黑镜 第四季  黑镜 / 黑镜子 第四季;移动迷宫  移动迷宫 / '
                  '迷宫行者;夜色人生  夜色人生 / 夜行人生(台);摔跤吧！爸爸  摔跤吧！爸爸 / 我和我的冠军女儿(台)',
 'movies_watched': '塔利  塔利 / 厌世妈咪日记(台);后来的我们  Us and Them;时间中的孩子  时间中的孩子 / '
                   '及时的孩子;我的妈呀  我的妈呀 / Show Me Your Love;美国行动  美国行动 / 美国制造',
 'signature': '乔那时光...',
 'user_id': 'ajunecat',
 'user_intro': '在台南生活的四川姑娘。\n'
               '艰苦创业、\n'
               '修身育儿、\n'
               '齐家过生活。\n'
               '在哪裡，\n'
               '都不過生活一場，\n'
               '不應只想著詩和遠方，\n'
               '還得過好眼前的苟且。\n'
               '微信公众号：乔那时光 \n'
               '-在台湾的五四三-\n'
               'Instagram：ajunecat\n'
               'Blog:\n'
               'http://ajunecat.info',
 'user_nickname': '喬那'}
2018-07-12 14:26:40 [scrapy.core.scraper] DEBUG: Scraped from <200 https://www.douban.com/people/55467859/>
{'books_red': '小径分岔的花园;宇宙尽头的餐馆  The Restaurant at the End of the '
              "Universe;博尔赫斯小说集;我口袋里的星辰如沙砾;内在经验  L'expérience intérieure",
 'books_wanted': 'MONSTER-怪物-02  MONSTER;Level E  灵异E接触;世上最美的溺水者  La increíble '
                 'y triste historia de la cándida Eréndira y de su abuela '
                 'desalmada',
 'check_in_time': '2011-10-22',
 'dou_list': '我的收藏 (114);东西 (11);第一个相册 (0);家居 (10);婚礼 (4)',
 'follow_by': 'thatgal rememberan fuleiya1121 suanshaw cigarflower LordBean '
              '57931145 63674800',
 'groups': '爱旅行爱摄影;(678751);穷游天下丨旅行 · '
           '旅游;(1125272);驴友约伴;(395711);豆瓣互助旅行;(122623);喜欢一个人旅行的女生;(914051);时尚/街拍/vintage;(36922);关于时装 '
           'Fashion;(70419);时尚也疯狂!;(88327)',
 'location': '北京',
 'movies_wanted': '我不是药神  中国药神;了不起的亡灵  了不起的亡灵 / 鬼压床了没(台);布达佩斯之恋  布达佩斯之恋 / '
                  '忧郁的星期天;洛丽塔  洛丽塔 / 一树梨花压海棠(港);怪化猫  怪化猫 / 物怪',
 'movies_watched': '瞒天过海：美人计  瞒天过海：美人计 / 女版十一罗汉;脸庞，村庄  脸庞，村庄 / 最酷的旅伴(台);姿态  姿态 '
                   '/ 美国年代故事;情迷六月花  情迷六月花 / 亨利和琼;妖妇  妖妇 / 风月',
 'signature': '一个力大无穷的消极分子',
 'user_id': '55467859',
 'user_intro': '农耕时尚博主，美学讨论爱好者，中国辣条协会终身成就，力大、好酒、戒猫中。\n'
               '微博：力娃\n'
               '公众号：力娃的精怪世事纪\n'
               '合作请邮：wufeifei0706@\n'
               '126.com',
 'user_nickname': '力娃'}
2018-07-12 14:26:40 [scrapy.core.engine] DEBUG: Crawled (200) <GET https://www.douban.com/people/bin12345/> (referer: None)
2018-07-12 14:26:40 [scrapy.core.scraper] DEBUG: Scraped from <200 https://www.douban.com/people/bin12345/>
{'books_red': '人类的大地  Terre Des Hommes;理由  りゆう;伟大的欧洲小博物馆  Great Smaller '
              'Museums of Europe;故事  Story: Substance, Structure, Style, and '
              'the Principles of Screenwriting;万物简史',
 'books_wanted': '超越套路的剧作法（修订版）  Alternative Scriptwriting: Successfully '
                 'Breaking the Rules;吉卜力的风;妈妈走的那一年  They Came Like '
                 'Swallows;故宫的隐秘角落;自深深处  De Profundis',
 'check_in_time': '2009-07-12',
 'follow_by': '50021732 62513788 164799715 163288758 liuyanfeifei mao0210 '
              'constantinechia tsingone',
 'groups': '笑点很奇怪;(217114);轩辕剑;(2942);Cowon - '
           '只给最挑剔的耳朵;(675);狂爱樱桃小丸子;(19572);焦虑症;(4536);信息焦虑症;(10);Scarlett '
           'Johansson;(9816);北京国际电影节;(3810)',
 'location': '北京',
 'movies_wanted': '寻龙诀  乌尔善版鬼吹灯;记忆中的玛妮  记忆中的玛妮 / 回忆中的玛妮(台);超体  超体 / '
                  'LUCY：绝路煞姬(港);冰雪奇缘  冰雪奇缘 / 魔雪奇缘(港);虫师 蚀日之翳  虫师 蚀日之翳 / '
                  '虫师特别篇：蚀日之影',
 'movies_watched': '布莱克书店 第一季  布莱克书店 / 黑书;伦敦生活 第一季  伦敦生活 / 脱线人生;海蒂和爷爷  海蒂和爷爷 / '
                   '飘零燕(港);心房客  心房客 / 寂寞心房客(台);去见瀑布  去见瀑布 / 一起去看瀑布(台)',
 'user_id': 'bin12345',
 'user_intro': '插画师 \n'
               '已出版绘本《Together at Christmas》\n'
               '    \n'
               '微博：\n'
               'http://weibo.com/bin12345\n'
               '    \n'
               '微信公众号：观花走马 (ID:ghzmbin)\n'
               '    \n'
               '    \n'
               '    \n'
               '    \n'
               '    \n'
               '    ',
 'user_nickname': '李彬BinLee'}
2018-07-12 14:26:40 [scrapy.core.engine] DEBUG: Crawled (200) <GET https://www.douban.com/people/travelbao/> (referer: None)
2018-07-12 14:26:40 [scrapy.core.engine] DEBUG: Crawled (200) <GET https://www.douban.com/people/JoGreen/> (referer: None)
2018-07-12 14:26:40 [scrapy.core.scraper] DEBUG: Scraped from <200 https://www.douban.com/people/travelbao/>
{'books_red': '艺术与文化;沼地阿拉伯人;欲望德黑兰  Broderies;单身女性的时代  All the Single Ladies: '
              'Unmarried Women and the Rise of an Independent Nation;早上九点叫醒我',
 'books_wanted': '刺杀骑士团长  騎士団長殺し;眠  ねむり;第二性Ⅱ  Deuxieme sexe. Ⅱ, Expérience '
                 'vecue;第二性Ⅰ  Deuxieme sexe. Ⅰ, Les faits et les '
                 'mythes;房思琪的初戀樂園',
 'check_in_time': '2009-02-21',
 'dou_list': '我的收藏 (35)',
 'follow_by': 'missourimonkey 172961141 159326908 xiaojia86 lingrui1995 '
              '155678242 yuzhuang arkdome',
 'groups': '复旦的豆们;(10192)',
 'location': '上海',
 'movies_wanted': '伯德小姐  伯德小姐 / 淑女鸟(台);山河故人  山河恋人;雷神  雷神 / 雷神索尔(台);朗读者 第二季  '
                  '朗读者2;托斯卡纳艳阳下  托斯卡纳艳阳下 / 托斯卡尼艳阳下(台)',
 'movies_watched': '步履不停  步履不停 / 横山家之味(港);江湖儿女  金钱与爱情;小偷家族  小偷家族 / '
                   'Shoplifters;太阳之女  太阳之女 / Girls of the Sun;惊奇队长  惊奇队长 / '
                   '漫威队长',
 'signature': '读万卷书，行万里路',
 'user_id': 'travelbao',
 'user_intro': '《为什么要出发，因为远方在那里》作者，京东/当当/亚马逊/淘宝均有售，欢迎购买阅读，么么哒！\n'
               '微信公众号：严肃旅行（yansulvxing）：有态度的旅行号，有远方的社论号~\n'
               '豆瓣阅读《世界那么大，我带你看看》作者\n'
               '（\n'
               'https://read.douban.com/column/1445651/?icn=from-author-page\n'
               '）\n'
               '视觉中国、携程、海洛创意、图虫网签约摄影师\n'
               '摄影作品： \n'
               'http://travelbao.tuchong.com/\n'
               '－个人相关视频－\n'
               '2014｜华为荣耀“勇敢做自己”品牌视频：\n'
               'https://v.qq.com/x/page/k014104konb.html\n'
               '2017｜“收了Sola”我的中东故事：\n'
               'https://v.qq.com/x/page/p05406vpukq.html\n'
               '微博/图虫：@包子Wien\n'
               '知乎：姚璐\n'
               '本人授权维权骑士（\n'
               'http://rightknights.com\n'
               '）对我发布文章的版权行为进行追究与维权。\n'
               '读万卷书，行万里路',
 'user_nickname': '姚璐'}
2018-07-12 14:26:40 [scrapy.core.scraper] DEBUG: Scraped from <200 https://www.douban.com/people/JoGreen/>
{'books_red': '莫斯科绅士  A Gentleman in Moscow;死刑今夜執行;单身女性的时代  All the Single '
              'Ladies: Unmarried Women and the Rise of an Independent '
              'Nation;刻背;在土星的标志下',
 'books_wanted': '纸上动物园  The Paper Zoo：500 Years of Animals in '
                 'Art;我们所失去的，我们所抛下的  The Things We Lose, The Things We Leave '
                 'Behind: and Other Storises;铁道之旅  Geschichte der '
                 'Eisenbahnreise : Zur Industrialisierung von Raum und Zeit im '
                 '19. Jahrhundert;后来的事  それから;旅行手帐完全指南  旅ノート•散歩ノートのつくりかた',
 'check_in_time': '2009-12-23',
 'dou_list': '我的收藏 (3068);我一定会看的不要zao急 (128);【情人】 (93);伊夏的日记 (88);【不高明】Online '
             '(9)',
 'follow_by': 'longzheking 51524336 wan09281171 sungdebbie 46326003 '
              'jianzhumeng 71022383 hansean',
 'groups': '广州越秀租房（个人房...;(76052);广州租房★（个人房源...;(214840);有刺客！;(275);全国“在家上学”联盟;(2904);中国现当代书籍装帧摭评;(3265);广州海珠租房（个人房...;(82450);Solo '
           'Magazine 南京独...;(370);☞和手账有关的那些...;(22774)',
 'location': '广东广州',
 'movies_wanted': '今日影评·表演者言 第二季  Movie Talk：Actors II;法医秦明2清道夫  '
                  '法医秦明Ⅱ清道夫;我不是药神  中国药神;詹姆斯·卡梅隆的科幻故事  詹姆斯·卡梅隆的科幻故事 / '
                  '詹姆斯·卡梅隆聊科幻小说的故事;米花之味  The Taste of Rice Flower',
 'movies_watched': '扎马  扎马 / 流亡将军沙马(港);吾等何处去  吾等何处去 / 人妻冲冲冲(台);刺客伍六七  Killer '
                   'Seven;圆桌讲究派;西力传  西力传 / 变色龙',
 'signature': '你不怕髒地玩遊戲',
 'user_id': 'JoGreen',
 'user_intro': '【四件事迅速交友：書，酒，舞台劇和旅遊】\n'
               "(●'◡'●)ﾉ*\\(๑•₃•๑)*\n"
               '字癖。\n'
               '紙迷。\n'
               '書癡。\n'
               '書店控。\n'
               '为書店工作：\n'
               'http://www.fangsuo.com/\n'
               '自洽比有趣更重要。\n'
               '讀書比行走抵達的更遠。\n'
               '真正的教育應當無孔不入。\n'
               '獨立思考勝於一切。\n'
               '檸檬愛好者。\n'
               '抹茶愛好者。\n'
               '綠色愛好者。\n'
               '當然喜歡夏天。\n'
               '記不得你們的生辰與死祭，仍愿與你們歡慶生與死。\n'
               '每一秒都在窺看世界。\n'
               '不是神，仍愛世人。\n'
               '兩個不時同你們說話的公號：\n'
               '【藥鋪：yaopu2015  】\n'
               '試藥入口：\n'
               'https://0x9.me/X9EOt\n'
               '【書得起：Jo_Writing】\n'
               '私人笔记本，胡思乱想处：\n'
               'https://0x9.me/Y1lq2\n'
               '↑↑↑↑↑↑↑↑↑↑↑↑↑↑↑↑↑↑↑↑↑↑↑↑↑↑↑↑↑↑↑↑↑↑↑↑↑↑↑↑\n'
               '以上兩號均有不定期福利。\n'
               '書得起福利直接在粉絲群每月掉落，想入群請豆郵我查看規則。\n'
               '【有償服務區】\n'
               '自己比較心水的部分評論與日誌已開通讚賞，大家隨喜。\n'
               '約稿請豆油咨詢，感恩。\n'
               '【免費服務區】\n'
               '{長期接受豆油索取明信片}\n'
               '{長期提供購書指導，也歡迎豆友交流批評指正}\n'
               '{從第600位關注開始，每增長100人抽一位得一禮包}',
 'user_nickname': '伊夏'}
2018-07-12 14:26:40 [scrapy.core.engine] INFO: Closing spider (finished)
2018-07-12 14:26:40 [scrapy.statscollectors] INFO: Dumping Scrapy stats:
{'downloader/request_bytes': 5044,
 'downloader/request_count': 16,
 'downloader/request_method_count/GET': 16,
 'downloader/response_bytes': 115887,
 'downloader/response_count': 16,
 'downloader/response_status_count/200': 7,
 'downloader/response_status_count/301': 7,
 'downloader/response_status_count/302': 1,
 'downloader/response_status_count/403': 1,
 'finish_reason': 'finished',
 'finish_time': datetime.datetime(2018, 7, 12, 6, 26, 40, 920322),
 'item_scraped_count': 6,
 'log_count/DEBUG': 23,
 'log_count/ERROR': 1,
 'log_count/INFO': 7,
 'memusage/max': 62767104,
 'memusage/startup': 62763008,
 'response_received_count': 8,
 'scheduler/dequeued': 15,
 'scheduler/dequeued/memory': 15,
 'scheduler/enqueued': 15,
 'scheduler/enqueued/memory': 15,
 'spider_exceptions/IndexError': 1,
 'start_time': datetime.datetime(2018, 7, 12, 6, 26, 38, 746824)}
2018-07-12 14:26:40 [scrapy.core.engine] INFO: Spider closed (finished)
